epoch,acc,loss,val_acc,val_loss
0,0.0327708006279,6.01709991198,0.0198272477424,5.35371605012
1,0.0720172684458,5.39866015151,0.0116827017475,5.66970996662
2,0.0957613814757,5.13532897853,0.0127626153544,6.10917712644
3,0.113127943485,4.90481505327,0.0158060082466,6.32643639426
4,0.124607535322,4.77201657917,0.0117808757118,6.4601575634
5,0.1443288854,4.64250380428,0.0107991360691,6.86411877866
6,0.150215855573,4.52914610164,0.0107991360691,7.61746061225
7,0.158457613815,4.43372798752,0.00647948164147,7.71411853508
8,0.164442700157,4.33751456217,0.0135480070685,7.95370526822
9,0.178066037736,4.29017922039,0.0107009621048,8.93453123489
10,0.176118524333,4.17800050104,0.0097192224622,9.14699962784
11,0.189462323391,4.07949401333,0.00736304731985,9.10616369714
12,0.192013343799,4.02288713523,0.00539956803456,9.93151000364
13,0.203296703297,3.93435823225,0.0137443549971,9.71312568072
14,0.207417582418,3.86941457057,0.0127626153544,10.4144205846
15,0.214580062794,3.82904463997,0.0158060082466,10.4408343881
16,0.219976452119,3.78335702887,0.0125662674259,10.5898446239
17,0.234497645212,3.65565004154,0.0113881798547,10.8729786009
18,0.236263736264,3.62457069909,0.00598861182015,10.9604736285
19,0.235554245283,3.64631857175,0.00490869821323,11.0327796093
20,0.253826530612,3.51202303386,0.00598743619945,11.6358681422
21,0.250588697017,3.53276691968,0.00903023164507,12.3002693388
22,0.258437990581,3.44941007324,0.00716529250098,12.4384763603
23,0.259222919937,3.41285578759,0.00608559089124,11.8582869849
24,0.26942700157,3.36104002777,0.00598743619945,11.8361073079
25,0.271193092622,3.35178119085,0.0134471927758,12.056498137
26,0.281789638932,3.26307802784,0.0103062426384,11.9471139391
27,0.282083987441,3.27516076404,0.0114840989399,12.3699948641
28,0.287382260597,3.22555942401,0.00942285041225,12.606576359
29,0.28508254717,3.19066252798,0.00942285041225,12.5254033171
30,0.287382260597,3.18725395277,0.010502552022,12.447883892
31,0.292680533752,3.15717075534,0.00942470056941,13.0086902223
32,0.296801412873,3.11594699803,0.0123699194973,13.0280827785
33,0.302688383046,3.05204020265,0.00913017867661,13.3374437201
34,0.316620879121,3.00375872691,0.00922835264088,13.4949860036
35,0.322704081633,2.97399470458,0.00608678578441,13.5907771429
36,0.318190737834,2.98682971914,0.00814843903397,13.6112169726
37,0.31681711146,2.95299924674,0.0101119183193,13.8236174034
38,0.326334379906,2.92611501243,0.00814843903397,13.7411330894
39,0.32439072327,2.90149512568,0.00716669939132,13.862978725
40,0.329081632653,2.88852560876,0.00736304731985,13.5681803155
41,0.343602825746,2.8531274556,0.0097192224622,13.8999270344
42,0.343602825746,2.79485418396,0.00539956803456,14.219807
43,0.334968602826,2.82544231527,0.00647948164147,14.2232218497
44,0.348410518053,2.77990871733,0.00755939524838,14.3849191836
45,0.352727629513,2.77248468392,0.0107991360691,14.4737920759
46,0.350961538462,2.75147386436,0.00755939524838,14.4693006272
47,0.359791993721,2.71562575059,0.00922835264088,14.7814579317
48,0.366954474097,2.70817022533,0.0080502650697,14.8533552766
49,0.36713836478,2.6733438785,0.00589043785588,14.8676337894
50,0.374607535322,2.65605881899,0.00490773458971,14.8845301206
51,0.369701726845,2.63127193346,0.00696898311739,15.0480411217
52,0.385400313972,2.58531922448,0.00696898311739,14.9254272515
53,0.370977237049,2.61273980889,0.00903023164507,14.9447093375
54,0.376667974882,2.60305671639,0.00912838633687,14.846759224
55,0.386773940345,2.56400712319,0.00824499411072,14.6605388228
56,0.393642072214,2.54207231261,0.00716529250098,14.9162365839
57,0.38363422292,2.55652500322,0.00716529250098,14.7571705555
58,0.393642072214,2.52197102437,0.00755791126816,14.6363814492
59,0.393474842767,2.52056585955,0.00971731448763,14.7665424811
60,0.399234693878,2.4717058297,0.00834314880251,14.6958333874
61,0.402178178964,2.48005227878,0.00736304731985,14.8962501271
62,0.411204866562,2.44549899386,0.00746122128412,14.7519830248
63,0.414344583987,2.43968107038,0.0063813076772,14.7210373005
64,0.419544740973,2.39723571878,0.00854113489103,14.7957787037
65,0.413952119309,2.41341669855,0.00854113489103,14.8402437217
66,0.423763736264,2.39594769403,0.00422148046338,14.8883592277
67,0.419250392465,2.37239989344,0.00530139407029,14.9705180367
68,0.42032967033,2.36082951615,0.00755939524838,15.0314290927
69,0.431800314465,2.33114577389,0.00746122128412,15.2595525985
70,0.427590266876,2.33717548304,0.0063813076772,15.1799220468
71,0.432692307692,2.32361676779,0.00755939524838,15.2703509041
72,0.441522762951,2.27255543622,0.00755939524838,15.273486437
73,0.447311616954,2.24832264932,0.00854113489103,15.1585029911
74,0.444270015699,2.28047268282,0.00647948164147,15.3979348436
75,0.444956828885,2.28485372377,0.00854113489103,15.3489539766
76,0.447507849294,2.23415682417,0.00746122128412,15.4068250083
77,0.458889324961,2.20871510236,0.00716669939132,15.3192528027
78,0.458006279435,2.19853749081,0.0050068721775,15.2091581602
79,0.453321540881,2.21518902959,0.00608678578441,15.1842168808
80,0.461930926217,2.19434056776,0.00500588928151,15.0595659766
81,0.460164835165,2.183006153,0.00706713780919,15.1481606967
82,0.46124411303,2.19021736995,0.00804868472713,15.0856874561
83,0.47625588697,2.13098486739,0.00716529250098,15.0412332335
84,0.462225274725,2.16045280566,0.00696898311739,15.2634588391
85,0.483320251177,2.11539368764,0.00706713780919,15.3823177164
86,0.473018053375,2.10892803478,0.00696898311739,15.4937919913
87,0.479886185243,2.08129404029,0.00696898311739,15.5273397623
88,0.475176609105,2.11166978706,0.00755791126816,15.5644797904
89,0.483392295597,2.08642418205,0.00961915979584,15.4173460546
